<?xml version="1.0" encoding="UTF-8"?>
<coverage generated="1569533990652" clover="3.2.0">
  <project timestamp="1569533990652" name="All files">
    <metrics statements="25" coveredstatements="25" conditionals="9" coveredconditionals="9" methods="7" coveredmethods="7" elements="41" coveredelements="41" complexity="0" loc="25" ncloc="25" packages="1" files="3" classes="3"/>
    <file name="actions.js" path="/home/peter/Projects/tasker/redux/actions.js">
      <metrics statements="9" coveredstatements="9" conditionals="0" coveredconditionals="0" methods="3" coveredmethods="3"/>
      <line num="2" count="3" type="stmt"/>
      <line num="3" count="3" type="stmt"/>
      <line num="4" count="3" type="stmt"/>
      <line num="7" count="3" type="stmt"/>
      <line num="8" count="2" type="stmt"/>
      <line num="11" count="3" type="stmt"/>
      <line num="12" count="3" type="stmt"/>
      <line num="15" count="3" type="stmt"/>
      <line num="16" count="2" type="stmt"/>
    </file>
    <file name="reducers.js" path="/home/peter/Projects/tasker/redux/reducers.js">
      <metrics statements="15" coveredstatements="15" conditionals="9" coveredconditionals="9" methods="4" coveredmethods="4"/>
      <line num="4" count="2" type="stmt"/>
      <line num="17" count="2" type="cond" truecount="1" falsecount="0"/>
      <line num="18" count="10" type="cond" truecount="4" falsecount="0"/>
      <line num="20" count="1" type="stmt"/>
      <line num="25" count="2" type="stmt"/>
      <line num="29" count="2" type="stmt"/>
      <line num="30" count="2" type="cond" truecount="2" falsecount="0"/>
      <line num="31" count="1" type="stmt"/>
      <line num="34" count="2" type="stmt"/>
      <line num="37" count="1" type="stmt"/>
      <line num="38" count="2" type="cond" truecount="2" falsecount="0"/>
      <line num="39" count="1" type="stmt"/>
      <line num="42" count="1" type="stmt"/>
      <line num="45" count="6" type="stmt"/>
      <line num="49" count="2" type="stmt"/>
    </file>
    <file name="store.js" path="/home/peter/Projects/tasker/redux/store.js">
      <metrics statements="1" coveredstatements="1" conditionals="0" coveredconditionals="0" methods="0" coveredmethods="0"/>
      <line num="4" count="1" type="stmt"/>
    </file>
  </project>
</coverage>
