{"/home/peter/Projects/tasker/redux/actions.js": {"path":"/home/peter/Projects/tasker/redux/actions.js","statementMap":{"0":{"start":{"line":2,"column":24},"end":{"line":2,"column":34}},"1":{"start":{"line":3,"column":27},"end":{"line":3,"column":40}},"2":{"start":{"line":4,"column":29},"end":{"line":4,"column":44}},"3":{"start":{"line":7,"column":23},"end":{"line":9,"column":1}},"4":{"start":{"line":8,"column":2},"end":{"line":8,"column":43}},"5":{"start":{"line":11,"column":26},"end":{"line":13,"column":1}},"6":{"start":{"line":12,"column":2},"end":{"line":12,"column":48}},"7":{"start":{"line":15,"column":28},"end":{"line":20,"column":1}},"8":{"start":{"line":16,"column":2},"end":{"line":19,"column":4}}},"fnMap":{"0":{"name":"(anonymous_0)","decl":{"start":{"line":7,"column":23},"end":{"line":7,"column":24}},"loc":{"start":{"line":7,"column":31},"end":{"line":9,"column":1}},"line":7},"1":{"name":"(anonymous_1)","decl":{"start":{"line":11,"column":26},"end":{"line":11,"column":27}},"loc":{"start":{"line":11,"column":32},"end":{"line":13,"column":1}},"line":11},"2":{"name":"(anonymous_2)","decl":{"start":{"line":15,"column":28},"end":{"line":15,"column":29}},"loc":{"start":{"line":15,"column":34},"end":{"line":20,"column":1}},"line":15}},"branchMap":{},"s":{"0":3,"1":3,"2":3,"3":3,"4":2,"5":3,"6":3,"7":3,"8":2},"f":{"0":2,"1":3,"2":2},"b":{},"_coverageSchema":"43e27e138ebf9cfc5966b082cf9a028302ed4184","hash":"2396e0ebc1eb586b106dcfb6f34d022f551f244f"}
,"/home/peter/Projects/tasker/redux/persist.js": {"path":"/home/peter/Projects/tasker/redux/persist.js","statementMap":{"0":{"start":{"line":3,"column":25},"end":{"line":16,"column":1}},"1":{"start":{"line":4,"column":2},"end":{"line":15,"column":3}},"2":{"start":{"line":5,"column":24},"end":{"line":5,"column":65}},"3":{"start":{"line":6,"column":4},"end":{"line":8,"column":5}},"4":{"start":{"line":7,"column":6},"end":{"line":7,"column":37}},"5":{"start":{"line":10,"column":4},"end":{"line":10,"column":55}},"6":{"start":{"line":11,"column":4},"end":{"line":11,"column":21}},"7":{"start":{"line":13,"column":4},"end":{"line":13,"column":45}},"8":{"start":{"line":14,"column":4},"end":{"line":14,"column":21}},"9":{"start":{"line":18,"column":25},"end":{"line":28,"column":1}},"10":{"start":{"line":19,"column":2},"end":{"line":27,"column":3}},"11":{"start":{"line":20,"column":23},"end":{"line":23,"column":6}},"12":{"start":{"line":24,"column":4},"end":{"line":24,"column":60}},"13":{"start":{"line":26,"column":4},"end":{"line":26,"column":42}}},"fnMap":{"0":{"name":"(anonymous_0)","decl":{"start":{"line":3,"column":25},"end":{"line":3,"column":26}},"loc":{"start":{"line":3,"column":37},"end":{"line":16,"column":1}},"line":3},"1":{"name":"(anonymous_1)","decl":{"start":{"line":18,"column":25},"end":{"line":18,"column":26}},"loc":{"start":{"line":18,"column":40},"end":{"line":28,"column":1}},"line":18}},"branchMap":{"0":{"loc":{"start":{"line":6,"column":4},"end":{"line":8,"column":5}},"type":"if","locations":[{"start":{"line":6,"column":4},"end":{"line":8,"column":5}},{"start":{"line":6,"column":4},"end":{"line":8,"column":5}}],"line":6}},"s":{"0":1,"1":1,"2":1,"3":0,"4":0,"5":0,"6":0,"7":0,"8":0,"9":1,"10":0,"11":0,"12":0,"13":0},"f":{"0":1,"1":0},"b":{"0":[0,0]},"_coverageSchema":"43e27e138ebf9cfc5966b082cf9a028302ed4184","hash":"4b670f8f9da9c86d042007065c11673cbd0a69ce"}
,"/home/peter/Projects/tasker/redux/reducers.js": {"path":"/home/peter/Projects/tasker/redux/reducers.js","statementMap":{"0":{"start":{"line":4,"column":21},"end":{"line":19,"column":1}},"1":{"start":{"line":21,"column":21},"end":{"line":53,"column":1}},"2":{"start":{"line":22,"column":2},"end":{"line":52,"column":3}},"3":{"start":{"line":24,"column":6},"end":{"line":33,"column":8}},"4":{"start":{"line":31,"column":44},"end":{"line":31,"column":68}},"5":{"start":{"line":35,"column":6},"end":{"line":39,"column":9}},"6":{"start":{"line":36,"column":8},"end":{"line":38,"column":9}},"7":{"start":{"line":37,"column":10},"end":{"line":37,"column":33}},"8":{"start":{"line":40,"column":6},"end":{"line":40,"column":24}},"9":{"start":{"line":43,"column":6},"end":{"line":47,"column":9}},"10":{"start":{"line":44,"column":8},"end":{"line":46,"column":9}},"11":{"start":{"line":45,"column":10},"end":{"line":45,"column":32}},"12":{"start":{"line":48,"column":6},"end":{"line":48,"column":24}},"13":{"start":{"line":51,"column":6},"end":{"line":51,"column":19}},"14":{"start":{"line":55,"column":23},"end":{"line":57,"column":2}}},"fnMap":{"0":{"name":"(anonymous_0)","decl":{"start":{"line":21,"column":21},"end":{"line":21,"column":22}},"loc":{"start":{"line":21,"column":45},"end":{"line":53,"column":1}},"line":21},"1":{"name":"(anonymous_1)","decl":{"start":{"line":31,"column":27},"end":{"line":31,"column":28}},"loc":{"start":{"line":31,"column":44},"end":{"line":31,"column":68}},"line":31},"2":{"name":"(anonymous_2)","decl":{"start":{"line":35,"column":16},"end":{"line":35,"column":17}},"loc":{"start":{"line":35,"column":33},"end":{"line":39,"column":7}},"line":35},"3":{"name":"(anonymous_3)","decl":{"start":{"line":43,"column":16},"end":{"line":43,"column":17}},"loc":{"start":{"line":43,"column":33},"end":{"line":47,"column":7}},"line":43}},"branchMap":{"0":{"loc":{"start":{"line":21,"column":22},"end":{"line":21,"column":32}},"type":"default-arg","locations":[{"start":{"line":21,"column":30},"end":{"line":21,"column":32}}],"line":21},"1":{"loc":{"start":{"line":22,"column":2},"end":{"line":52,"column":3}},"type":"switch","locations":[{"start":{"line":23,"column":4},"end":{"line":33,"column":8}},{"start":{"line":34,"column":4},"end":{"line":40,"column":24}},{"start":{"line":42,"column":4},"end":{"line":48,"column":24}},{"start":{"line":50,"column":4},"end":{"line":51,"column":19}}],"line":22},"2":{"loc":{"start":{"line":36,"column":8},"end":{"line":38,"column":9}},"type":"if","locations":[{"start":{"line":36,"column":8},"end":{"line":38,"column":9}},{"start":{"line":36,"column":8},"end":{"line":38,"column":9}}],"line":36},"3":{"loc":{"start":{"line":44,"column":8},"end":{"line":46,"column":9}},"type":"if","locations":[{"start":{"line":44,"column":8},"end":{"line":46,"column":9}},{"start":{"line":44,"column":8},"end":{"line":46,"column":9}}],"line":44}},"s":{"0":2,"1":2,"2":10,"3":1,"4":0,"5":2,"6":2,"7":1,"8":2,"9":1,"10":2,"11":1,"12":1,"13":6,"14":2},"f":{"0":10,"1":0,"2":2,"3":2},"b":{"0":[7],"1":[1,2,1,6],"2":[1,1],"3":[1,1]},"_coverageSchema":"43e27e138ebf9cfc5966b082cf9a028302ed4184","hash":"c4173076e2fbfc7d3482f9d0a743c3d05e19f8f7"}
,"/home/peter/Projects/tasker/redux/store.js": {"path":"/home/peter/Projects/tasker/redux/store.js","statementMap":{"0":{"start":{"line":6,"column":21},"end":{"line":6,"column":32}},"1":{"start":{"line":7,"column":0},"end":{"line":7,"column":27}},"2":{"start":{"line":9,"column":14},"end":{"line":9,"column":59}},"3":{"start":{"line":11,"column":0},"end":{"line":13,"column":2}},"4":{"start":{"line":12,"column":1},"end":{"line":12,"column":28}}},"fnMap":{"0":{"name":"(anonymous_0)","decl":{"start":{"line":11,"column":16},"end":{"line":11,"column":17}},"loc":{"start":{"line":11,"column":20},"end":{"line":13,"column":1}},"line":11}},"branchMap":{},"s":{"0":1,"1":1,"2":1,"3":1,"4":0},"f":{"0":0},"b":{},"_coverageSchema":"43e27e138ebf9cfc5966b082cf9a028302ed4184","hash":"87c333d1468c75086644b4b99816d2566f01e7ca"}
}
