{"/home/peter/Projects/tasker/App.js": {"path":"/home/peter/Projects/tasker/App.js","statementMap":{"0":{"start":{"line":10,"column":4},"end":{"line":17,"column":6}}},"fnMap":{"0":{"name":"(anonymous_0)","decl":{"start":{"line":9,"column":2},"end":{"line":9,"column":3}},"loc":{"start":{"line":9,"column":11},"end":{"line":18,"column":3}},"line":9}},"branchMap":{},"s":{"0":3},"f":{"0":3},"b":{},"_coverageSchema":"43e27e138ebf9cfc5966b082cf9a028302ed4184","hash":"81677d67bfb66787f0ccc54514e9eb891f63f7ac"}
,"/home/peter/Projects/tasker/styles.js": {"path":"/home/peter/Projects/tasker/styles.js","statementMap":{"0":{"start":{"line":3,"column":22},"end":{"line":12,"column":2}}},"fnMap":{},"branchMap":{},"s":{"0":4},"f":{},"b":{},"_coverageSchema":"43e27e138ebf9cfc5966b082cf9a028302ed4184","hash":"283335d3fb08714d763a5dea855cf86317f554b3"}
,"/home/peter/Projects/tasker/components/AddTodo.js": {"path":"/home/peter/Projects/tasker/components/AddTodo.js","statementMap":{"0":{"start":{"line":8,"column":4},"end":{"line":8,"column":17}},"1":{"start":{"line":9,"column":4},"end":{"line":11,"column":6}},"2":{"start":{"line":14,"column":4},"end":{"line":30,"column":6}},"3":{"start":{"line":21,"column":12},"end":{"line":21,"column":36}},"4":{"start":{"line":26,"column":25},"end":{"line":26,"column":58}},"5":{"start":{"line":34,"column":27},"end":{"line":40,"column":1}},"6":{"start":{"line":35,"column":2},"end":{"line":39,"column":4}},"7":{"start":{"line":37,"column":6},"end":{"line":37,"column":30}}},"fnMap":{"0":{"name":"(anonymous_0)","decl":{"start":{"line":7,"column":2},"end":{"line":7,"column":3}},"loc":{"start":{"line":7,"column":21},"end":{"line":12,"column":3}},"line":7},"1":{"name":"(anonymous_1)","decl":{"start":{"line":13,"column":2},"end":{"line":13,"column":3}},"loc":{"start":{"line":13,"column":11},"end":{"line":31,"column":3}},"line":13},"2":{"name":"(anonymous_2)","decl":{"start":{"line":20,"column":24},"end":{"line":20,"column":25}},"loc":{"start":{"line":20,"column":32},"end":{"line":22,"column":11}},"line":20},"3":{"name":"(anonymous_3)","decl":{"start":{"line":26,"column":19},"end":{"line":26,"column":20}},"loc":{"start":{"line":26,"column":25},"end":{"line":26,"column":58}},"line":26},"4":{"name":"(anonymous_4)","decl":{"start":{"line":34,"column":27},"end":{"line":34,"column":28}},"loc":{"start":{"line":34,"column":39},"end":{"line":40,"column":1}},"line":34},"5":{"name":"(anonymous_5)","decl":{"start":{"line":36,"column":11},"end":{"line":36,"column":12}},"loc":{"start":{"line":36,"column":19},"end":{"line":38,"column":5}},"line":36}},"branchMap":{},"s":{"0":4,"1":4,"2":5,"3":1,"4":1,"5":3,"6":4,"7":1},"f":{"0":4,"1":5,"2":1,"3":1,"4":4,"5":1},"b":{},"_coverageSchema":"43e27e138ebf9cfc5966b082cf9a028302ed4184","hash":"7342059375e26de4dce1065ebc60271a1d4cf4d8"}
,"/home/peter/Projects/tasker/components/Todo.js": {"path":"/home/peter/Projects/tasker/components/Todo.js","statementMap":{"0":{"start":{"line":7,"column":4},"end":{"line":7,"column":17}},"1":{"start":{"line":8,"column":4},"end":{"line":10,"column":6}},"2":{"start":{"line":14,"column":4},"end":{"line":28,"column":6}}},"fnMap":{"0":{"name":"(anonymous_0)","decl":{"start":{"line":6,"column":2},"end":{"line":6,"column":3}},"loc":{"start":{"line":6,"column":21},"end":{"line":11,"column":3}},"line":6},"1":{"name":"(anonymous_1)","decl":{"start":{"line":13,"column":2},"end":{"line":13,"column":3}},"loc":{"start":{"line":13,"column":11},"end":{"line":29,"column":3}},"line":13}},"branchMap":{"0":{"loc":{"start":{"line":9,"column":13},"end":{"line":9,"column":69}},"type":"cond-expr","locations":[{"start":{"line":9,"column":41},"end":{"line":9,"column":52}},{"start":{"line":9,"column":55},"end":{"line":9,"column":69}}],"line":9}},"s":{"0":3,"1":3,"2":3},"f":{"0":3,"1":3},"b":{"0":[1,2]},"_coverageSchema":"43e27e138ebf9cfc5966b082cf9a028302ed4184","hash":"cd18de2b0f0eaacbb0c14b09018bbf8220c9b199"}
,"/home/peter/Projects/tasker/components/TodoList.js": {"path":"/home/peter/Projects/tasker/components/TodoList.js","statementMap":{"0":{"start":{"line":9,"column":4},"end":{"line":9,"column":17}},"1":{"start":{"line":10,"column":4},"end":{"line":10,"column":20}},"2":{"start":{"line":13,"column":4},"end":{"line":28,"column":6}},"3":{"start":{"line":16,"column":10},"end":{"line":25,"column":12}},"4":{"start":{"line":19,"column":14},"end":{"line":19,"column":45}},"5":{"start":{"line":22,"column":14},"end":{"line":22,"column":43}},"6":{"start":{"line":32,"column":27},"end":{"line":41,"column":1}},"7":{"start":{"line":33,"column":2},"end":{"line":40,"column":4}},"8":{"start":{"line":35,"column":6},"end":{"line":35,"column":33}},"9":{"start":{"line":38,"column":6},"end":{"line":38,"column":31}},"10":{"start":{"line":43,"column":24},"end":{"line":47,"column":1}},"11":{"start":{"line":44,"column":2},"end":{"line":46,"column":4}}},"fnMap":{"0":{"name":"(anonymous_0)","decl":{"start":{"line":8,"column":2},"end":{"line":8,"column":3}},"loc":{"start":{"line":8,"column":21},"end":{"line":11,"column":3}},"line":8},"1":{"name":"(anonymous_1)","decl":{"start":{"line":12,"column":2},"end":{"line":12,"column":3}},"loc":{"start":{"line":12,"column":11},"end":{"line":29,"column":3}},"line":12},"2":{"name":"(anonymous_2)","decl":{"start":{"line":15,"column":30},"end":{"line":15,"column":31}},"loc":{"start":{"line":16,"column":10},"end":{"line":25,"column":12}},"line":16},"3":{"name":"(anonymous_3)","decl":{"start":{"line":18,"column":24},"end":{"line":18,"column":25}},"loc":{"start":{"line":18,"column":30},"end":{"line":20,"column":13}},"line":18},"4":{"name":"(anonymous_4)","decl":{"start":{"line":21,"column":22},"end":{"line":21,"column":23}},"loc":{"start":{"line":21,"column":28},"end":{"line":23,"column":13}},"line":21},"5":{"name":"(anonymous_5)","decl":{"start":{"line":32,"column":27},"end":{"line":32,"column":28}},"loc":{"start":{"line":32,"column":39},"end":{"line":41,"column":1}},"line":32},"6":{"name":"(anonymous_6)","decl":{"start":{"line":34,"column":16},"end":{"line":34,"column":17}},"loc":{"start":{"line":34,"column":22},"end":{"line":36,"column":5}},"line":34},"7":{"name":"(anonymous_7)","decl":{"start":{"line":37,"column":14},"end":{"line":37,"column":15}},"loc":{"start":{"line":37,"column":20},"end":{"line":39,"column":5}},"line":37},"8":{"name":"(anonymous_8)","decl":{"start":{"line":43,"column":24},"end":{"line":43,"column":25}},"loc":{"start":{"line":43,"column":38},"end":{"line":47,"column":1}},"line":43}},"branchMap":{},"s":{"0":4,"1":4,"2":4,"3":1,"4":1,"5":1,"6":3,"7":4,"8":1,"9":1,"10":3,"11":4},"f":{"0":4,"1":4,"2":1,"3":1,"4":1,"5":4,"6":1,"7":1,"8":4},"b":{},"_coverageSchema":"43e27e138ebf9cfc5966b082cf9a028302ed4184","hash":"c98e40c8782865022ef3be28e481befd2498d773"}
,"/home/peter/Projects/tasker/redux/actions.js": {"path":"/home/peter/Projects/tasker/redux/actions.js","statementMap":{"0":{"start":{"line":2,"column":24},"end":{"line":2,"column":34}},"1":{"start":{"line":3,"column":27},"end":{"line":3,"column":40}},"2":{"start":{"line":4,"column":29},"end":{"line":4,"column":44}},"3":{"start":{"line":7,"column":23},"end":{"line":9,"column":1}},"4":{"start":{"line":8,"column":2},"end":{"line":8,"column":47}},"5":{"start":{"line":11,"column":26},"end":{"line":13,"column":1}},"6":{"start":{"line":12,"column":2},"end":{"line":12,"column":48}},"7":{"start":{"line":15,"column":28},"end":{"line":20,"column":1}},"8":{"start":{"line":16,"column":2},"end":{"line":19,"column":4}}},"fnMap":{"0":{"name":"(anonymous_0)","decl":{"start":{"line":7,"column":23},"end":{"line":7,"column":24}},"loc":{"start":{"line":7,"column":31},"end":{"line":9,"column":1}},"line":7},"1":{"name":"(anonymous_1)","decl":{"start":{"line":11,"column":26},"end":{"line":11,"column":27}},"loc":{"start":{"line":11,"column":32},"end":{"line":13,"column":1}},"line":11},"2":{"name":"(anonymous_2)","decl":{"start":{"line":15,"column":28},"end":{"line":15,"column":29}},"loc":{"start":{"line":15,"column":34},"end":{"line":20,"column":1}},"line":15}},"branchMap":{},"s":{"0":7,"1":7,"2":7,"3":7,"4":5,"5":7,"6":4,"7":7,"8":3},"f":{"0":5,"1":4,"2":3},"b":{},"_coverageSchema":"43e27e138ebf9cfc5966b082cf9a028302ed4184","hash":"897d6971ade568a54ee8de92e317350c81c8c45b"}
,"/home/peter/Projects/tasker/redux/reducers.js": {"path":"/home/peter/Projects/tasker/redux/reducers.js","statementMap":{"0":{"start":{"line":4,"column":21},"end":{"line":36,"column":1}},"1":{"start":{"line":5,"column":2},"end":{"line":35,"column":3}},"2":{"start":{"line":7,"column":6},"end":{"line":14,"column":8}},"3":{"start":{"line":11,"column":44},"end":{"line":11,"column":68}},"4":{"start":{"line":16,"column":6},"end":{"line":22,"column":9}},"5":{"start":{"line":17,"column":8},"end":{"line":21,"column":9}},"6":{"start":{"line":18,"column":10},"end":{"line":18,"column":33}},"7":{"start":{"line":20,"column":10},"end":{"line":20,"column":23}},"8":{"start":{"line":23,"column":6},"end":{"line":23,"column":19}},"9":{"start":{"line":26,"column":6},"end":{"line":30,"column":9}},"10":{"start":{"line":27,"column":8},"end":{"line":29,"column":9}},"11":{"start":{"line":28,"column":10},"end":{"line":28,"column":32}},"12":{"start":{"line":31,"column":6},"end":{"line":31,"column":19}},"13":{"start":{"line":34,"column":6},"end":{"line":34,"column":19}},"14":{"start":{"line":38,"column":23},"end":{"line":40,"column":2}}},"fnMap":{"0":{"name":"(anonymous_0)","decl":{"start":{"line":4,"column":21},"end":{"line":4,"column":22}},"loc":{"start":{"line":4,"column":45},"end":{"line":36,"column":1}},"line":4},"1":{"name":"(anonymous_1)","decl":{"start":{"line":11,"column":27},"end":{"line":11,"column":28}},"loc":{"start":{"line":11,"column":44},"end":{"line":11,"column":68}},"line":11},"2":{"name":"(anonymous_2)","decl":{"start":{"line":16,"column":16},"end":{"line":16,"column":17}},"loc":{"start":{"line":16,"column":33},"end":{"line":22,"column":7}},"line":16},"3":{"name":"(anonymous_3)","decl":{"start":{"line":26,"column":16},"end":{"line":26,"column":17}},"loc":{"start":{"line":26,"column":33},"end":{"line":30,"column":7}},"line":26}},"branchMap":{"0":{"loc":{"start":{"line":4,"column":22},"end":{"line":4,"column":32}},"type":"default-arg","locations":[{"start":{"line":4,"column":30},"end":{"line":4,"column":32}}],"line":4},"1":{"loc":{"start":{"line":5,"column":2},"end":{"line":35,"column":3}},"type":"switch","locations":[{"start":{"line":6,"column":4},"end":{"line":14,"column":8}},{"start":{"line":15,"column":4},"end":{"line":23,"column":19}},{"start":{"line":25,"column":4},"end":{"line":31,"column":19}},{"start":{"line":33,"column":4},"end":{"line":34,"column":19}}],"line":5},"2":{"loc":{"start":{"line":17,"column":8},"end":{"line":21,"column":9}},"type":"if","locations":[{"start":{"line":17,"column":8},"end":{"line":21,"column":9}},{"start":{"line":17,"column":8},"end":{"line":21,"column":9}}],"line":17},"3":{"loc":{"start":{"line":27,"column":8},"end":{"line":29,"column":9}},"type":"if","locations":[{"start":{"line":27,"column":8},"end":{"line":29,"column":9}},{"start":{"line":27,"column":8},"end":{"line":29,"column":9}}],"line":27}},"s":{"0":6,"1":27,"2":4,"3":1,"4":3,"5":3,"6":2,"7":1,"8":3,"9":2,"10":3,"11":2,"12":2,"13":18,"14":6},"f":{"0":27,"1":1,"2":3,"3":3},"b":{"0":[19],"1":[4,3,2,18],"2":[2,1],"3":[2,1]},"_coverageSchema":"43e27e138ebf9cfc5966b082cf9a028302ed4184","hash":"a7b531cd84f91240d6844ccdd9fe2351332364f4"}
,"/home/peter/Projects/tasker/redux/store.js": {"path":"/home/peter/Projects/tasker/redux/store.js","statementMap":{"0":{"start":{"line":4,"column":21},"end":{"line":4,"column":41}}},"fnMap":{},"branchMap":{},"s":{"0":5},"f":{},"b":{},"_coverageSchema":"43e27e138ebf9cfc5966b082cf9a028302ed4184","hash":"a8558cb677522b97a2b9990ba94ef323b46a1d20"}
}
