TN:
SF:/home/peter/Projects/tasker/redux/actions.js
FN:7,(anonymous_0)
FN:11,(anonymous_1)
FN:15,(anonymous_2)
FNF:3
FNH:3
FNDA:2,(anonymous_0)
FNDA:3,(anonymous_1)
FNDA:2,(anonymous_2)
DA:2,3
DA:3,3
DA:4,3
DA:7,3
DA:8,2
DA:11,3
DA:12,3
DA:15,3
DA:16,2
LF:9
LH:9
BRF:0
BRH:0
end_of_record
TN:
SF:/home/peter/Projects/tasker/redux/reducers.js
FN:17,(anonymous_0)
FN:25,(anonymous_1)
FN:29,(anonymous_2)
FN:37,(anonymous_3)
FNF:4
FNH:4
FNDA:10,(anonymous_0)
FNDA:2,(anonymous_1)
FNDA:2,(anonymous_2)
FNDA:2,(anonymous_3)
DA:4,2
DA:17,2
DA:18,10
DA:20,1
DA:25,2
DA:29,2
DA:30,2
DA:31,1
DA:34,2
DA:37,1
DA:38,2
DA:39,1
DA:42,1
DA:45,6
DA:49,2
LF:15
LH:15
BRDA:17,0,0,7
BRDA:18,1,0,1
BRDA:18,1,1,2
BRDA:18,1,2,1
BRDA:18,1,3,6
BRDA:30,2,0,1
BRDA:30,2,1,1
BRDA:38,3,0,1
BRDA:38,3,1,1
BRF:9
BRH:9
end_of_record
TN:
SF:/home/peter/Projects/tasker/redux/store.js
FNF:0
FNH:0
DA:4,1
LF:1
LH:1
BRF:0
BRH:0
end_of_record
