TN:
SF:/home/peter/Projects/tasker/App.js
FN:9,(anonymous_0)
FNF:1
FNH:1
FNDA:3,(anonymous_0)
DA:10,3
LF:1
LH:1
BRF:0
BRH:0
end_of_record
TN:
SF:/home/peter/Projects/tasker/styles.js
FNF:0
FNH:0
DA:3,4
LF:1
LH:1
BRF:0
BRH:0
end_of_record
TN:
SF:/home/peter/Projects/tasker/components/AddTodo.js
FN:7,(anonymous_0)
FN:13,(anonymous_1)
FN:20,(anonymous_2)
FN:26,(anonymous_3)
FN:34,(anonymous_4)
FN:36,(anonymous_5)
FNF:6
FNH:6
FNDA:4,(anonymous_0)
FNDA:5,(anonymous_1)
FNDA:1,(anonymous_2)
FNDA:1,(anonymous_3)
FNDA:4,(anonymous_4)
FNDA:1,(anonymous_5)
DA:8,4
DA:9,4
DA:14,5
DA:21,1
DA:26,1
DA:34,3
DA:35,4
DA:37,1
LF:8
LH:8
BRF:0
BRH:0
end_of_record
TN:
SF:/home/peter/Projects/tasker/components/Todo.js
FN:6,(anonymous_0)
FN:13,(anonymous_1)
FNF:2
FNH:2
FNDA:3,(anonymous_0)
FNDA:3,(anonymous_1)
DA:7,3
DA:8,3
DA:14,3
LF:3
LH:3
BRDA:9,0,0,1
BRDA:9,0,1,2
BRF:2
BRH:2
end_of_record
TN:
SF:/home/peter/Projects/tasker/components/TodoList.js
FN:8,(anonymous_0)
FN:12,(anonymous_1)
FN:15,(anonymous_2)
FN:18,(anonymous_3)
FN:21,(anonymous_4)
FN:32,(anonymous_5)
FN:34,(anonymous_6)
FN:37,(anonymous_7)
FN:43,(anonymous_8)
FNF:9
FNH:9
FNDA:4,(anonymous_0)
FNDA:4,(anonymous_1)
FNDA:1,(anonymous_2)
FNDA:1,(anonymous_3)
FNDA:1,(anonymous_4)
FNDA:4,(anonymous_5)
FNDA:1,(anonymous_6)
FNDA:1,(anonymous_7)
FNDA:4,(anonymous_8)
DA:9,4
DA:10,4
DA:13,4
DA:16,1
DA:19,1
DA:22,1
DA:32,3
DA:33,4
DA:35,1
DA:38,1
DA:43,3
DA:44,4
LF:12
LH:12
BRF:0
BRH:0
end_of_record
TN:
SF:/home/peter/Projects/tasker/redux/actions.js
FN:7,(anonymous_0)
FN:11,(anonymous_1)
FN:15,(anonymous_2)
FNF:3
FNH:3
FNDA:5,(anonymous_0)
FNDA:4,(anonymous_1)
FNDA:3,(anonymous_2)
DA:2,7
DA:3,7
DA:4,7
DA:7,7
DA:8,5
DA:11,7
DA:12,4
DA:15,7
DA:16,3
LF:9
LH:9
BRF:0
BRH:0
end_of_record
TN:
SF:/home/peter/Projects/tasker/redux/reducers.js
FN:4,(anonymous_0)
FN:11,(anonymous_1)
FN:16,(anonymous_2)
FN:26,(anonymous_3)
FNF:4
FNH:4
FNDA:27,(anonymous_0)
FNDA:1,(anonymous_1)
FNDA:3,(anonymous_2)
FNDA:3,(anonymous_3)
DA:4,6
DA:5,27
DA:7,4
DA:11,1
DA:16,3
DA:17,3
DA:18,2
DA:20,1
DA:23,3
DA:26,2
DA:27,3
DA:28,2
DA:31,2
DA:34,18
DA:38,6
LF:15
LH:15
BRDA:4,0,0,19
BRDA:5,1,0,4
BRDA:5,1,1,3
BRDA:5,1,2,2
BRDA:5,1,3,18
BRDA:17,2,0,2
BRDA:17,2,1,1
BRDA:27,3,0,2
BRDA:27,3,1,1
BRF:9
BRH:9
end_of_record
TN:
SF:/home/peter/Projects/tasker/redux/store.js
FNF:0
FNH:0
DA:4,5
LF:1
LH:1
BRF:0
BRH:0
end_of_record
